INFO: 11/23/2016 10:43:26 AM Exited state INIT
INFO: 11/23/2016 10:43:26 AM Entered state A
INFO: 11/23/2016 10:46:13 AM Exited state INIT
INFO: 11/23/2016 10:46:13 AM Entered state A
INFO: 11/23/2016 10:47:16 AM Exited state INIT
INFO: 11/23/2016 10:47:16 AM Entered state A
INFO: 11/23/2016 10:49:32 AM Exited state INIT
INFO: 11/23/2016 10:49:32 AM Entered state A
INFO: 11/23/2016 10:49:33 AM Exited state A
INFO: 11/23/2016 10:49:33 AM Entered state B
INFO: 11/23/2016 10:49:34 AM Exited state B
INFO: 11/23/2016 10:49:34 AM Entered state C
INFO: 11/23/2016 10:50:12 AM Exited state INIT
INFO: 11/23/2016 10:50:12 AM Entered state A
INFO: 11/23/2016 10:50:13 AM Exited state A
INFO: 11/23/2016 10:50:13 AM Entered state B
INFO: 11/23/2016 10:51:33 AM Exited state INIT
INFO: 11/23/2016 10:51:35 AM Entered state A
INFO: 11/23/2016 10:51:35 AM Exited state A
INFO: 11/23/2016 10:51:37 AM Entered state B
INFO: 11/23/2016 10:52:22 AM Exited state INIT
INFO: 11/23/2016 10:52:24 AM Entered state A
INFO: 11/23/2016 10:52:44 AM Exited state INIT
INFO: 11/23/2016 10:52:46 AM Entered state A
INFO: 11/23/2016 10:53:05 AM Exited state INIT
INFO: 11/23/2016 10:53:07 AM Entered state A
INFO: 11/23/2016 10:55:10 AM Exited state INIT
INFO: 11/23/2016 10:55:12 AM Entered state A
INFO: 11/23/2016 10:57:13 AM Exited state INIT
INFO: 11/23/2016 10:57:15 AM Entered state A
INFO: 11/23/2016 11:07:10 AM Exited state INIT
INFO: 11/23/2016 11:07:12 AM Entered state A
INFO: 11/23/2016 11:07:13 AM Exited state A
INFO: 11/23/2016 11:07:15 AM Entered state B
INFO: 11/23/2016 11:08:28 AM Exited state INIT
INFO: 11/23/2016 11:08:30 AM Entered state A
INFO: 11/23/2016 11:10:27 AM Exited state INIT
INFO: 11/23/2016 11:10:29 AM Entered state A
INFO: 11/23/2016 11:11:40 AM Exited state INIT
INFO: 11/23/2016 11:11:42 AM Entered state A
INFO: 11/23/2016 11:25:56 AM Exited state INIT
INFO: 11/23/2016 11:25:58 AM Entered state A
INFO: 11/23/2016 11:26:46 AM Exited state INIT
INFO: 11/23/2016 11:26:48 AM Entered state A
INFO: 11/23/2016 11:26:52 AM Exited state A
INFO: 11/23/2016 11:26:54 AM Entered state B
INFO: 11/23/2016 11:27:00 AM Exited state B
INFO: 11/23/2016 11:27:00 AM Entered state C
INFO: 11/23/2016 11:29:09 AM Exited state INIT
INFO: 11/23/2016 11:29:58 AM Exited state INIT
INFO: 11/23/2016 11:30:00 AM Entered state A
INFO: 11/23/2016 11:30:01 AM Exited state A
INFO: 11/23/2016 11:30:03 AM Entered state B
INFO: 11/23/2016 11:31:02 AM Exited state INIT
INFO: 11/23/2016 11:31:04 AM Entered state A
INFO: 11/23/2016 11:31:05 AM Exited state A
INFO: 11/23/2016 11:31:07 AM Entered state B
INFO: 11/23/2016 11:31:10 AM Exited state B
INFO: 11/23/2016 11:31:10 AM Entered state C
INFO: 11/23/2016 11:31:11 AM Exited state C
INFO: 11/23/2016 11:31:13 AM Entered state A
INFO: 11/23/2016 11:31:14 AM Exited state A
INFO: 11/23/2016 11:31:16 AM Entered state B
INFO: 11/23/2016 11:31:17 AM Exited state B
INFO: 11/23/2016 11:31:17 AM Entered state C
INFO: 11/23/2016 11:31:18 AM Exited state C
INFO: 11/23/2016 11:31:20 AM Entered state A
INFO: 11/23/2016 11:31:21 AM Exited state A
INFO: 11/23/2016 11:32:15 AM Exited state INIT
INFO: 11/23/2016 11:32:17 AM Entered state A
INFO: 11/23/2016 11:32:21 AM Exited state A
INFO: 11/23/2016 11:32:23 AM Entered state B
INFO: 11/23/2016 11:32:26 AM Exited state B
INFO: 11/23/2016 11:32:26 AM Entered state C
INFO: 11/23/2016 11:32:27 AM Exited state C
INFO: 11/23/2016 11:32:29 AM Entered state A
INFO: 11/23/2016 11:32:30 AM Exited state A
INFO: 11/23/2016 11:32:32 AM Entered state B
INFO: 11/23/2016 11:32:33 AM Exited state B
INFO: 11/23/2016 11:32:33 AM Entered state C
INFO: 11/23/2016 11:32:34 AM Exited state C
INFO: 11/23/2016 11:32:36 AM Entered state A
INFO: 11/23/2016 11:32:52 AM Exited state INIT
INFO: 11/23/2016 11:32:54 AM Entered state A
INFO: 11/23/2016 11:32:59 AM Exited state A
INFO: 11/23/2016 11:33:01 AM Entered state B
INFO: 11/23/2016 11:33:08 AM Exited state B
INFO: 11/23/2016 11:33:08 AM Entered state C
INFO: 11/23/2016 11:33:09 AM Exited state C
INFO: 11/23/2016 11:33:11 AM Entered state A
INFO: 11/23/2016 11:33:12 AM Exited state A
INFO: 11/23/2016 11:33:14 AM Entered state B
INFO: 11/23/2016 11:33:15 AM Exited state B
INFO: 11/23/2016 11:33:15 AM Entered state C
INFO: 11/23/2016 11:33:16 AM Exited state C
INFO: 11/23/2016 11:33:18 AM Entered state A
INFO: 11/23/2016 11:33:19 AM Exited state A
INFO: 11/23/2016 11:33:21 AM Entered state B
INFO: 11/23/2016 11:33:22 AM Exited state B
INFO: 11/23/2016 11:33:22 AM Entered state C
INFO: 11/23/2016 11:33:23 AM Exited state C
INFO: 11/23/2016 11:33:25 AM Entered state A
INFO: 11/23/2016 11:33:26 AM Exited state A
INFO: 11/23/2016 11:33:28 AM Entered state B
INFO: 11/23/2016 11:33:29 AM Exited state B
INFO: 11/23/2016 11:33:29 AM Entered state C
INFO: 11/23/2016 11:33:30 AM Exited state C
INFO: 11/23/2016 11:33:32 AM Entered state A
INFO: 11/23/2016 11:33:33 AM Exited state A
INFO: 11/23/2016 11:33:35 AM Entered state B
INFO: 11/23/2016 11:33:36 AM Exited state B
INFO: 11/23/2016 11:33:36 AM Entered state C
INFO: 11/23/2016 11:33:37 AM Exited state C
INFO: 11/23/2016 11:35:15 AM Exited state INIT
INFO: 11/23/2016 11:35:17 AM Entered state A
INFO: 11/23/2016 11:35:18 AM Exited state A
INFO: 11/23/2016 11:35:20 AM Entered state B
INFO: 11/23/2016 11:35:25 AM Exited state B
INFO: 11/23/2016 11:35:25 AM Entered state C
INFO: 11/23/2016 11:35:26 AM Exited state C
INFO: 11/23/2016 11:35:28 AM Entered state A
INFO: 11/23/2016 11:35:32 AM Exited state A
INFO: 11/23/2016 11:35:34 AM Entered state B
INFO: 11/23/2016 11:35:34 AM Exited state B
INFO: 11/23/2016 11:35:34 AM Entered state C
INFO: 11/23/2016 11:35:34 AM Exited state C
INFO: 11/23/2016 11:35:36 AM Entered state A
INFO: 11/23/2016 11:35:36 AM Exited state A
INFO: 11/23/2016 11:35:38 AM Entered state B
INFO: 11/23/2016 11:35:38 AM Exited state B
INFO: 11/23/2016 11:35:38 AM Entered state C
INFO: 11/23/2016 11:35:38 AM Exited state C
INFO: 11/23/2016 11:35:49 AM Exited state INIT
INFO: 11/23/2016 11:35:51 AM Entered state A
INFO: 11/23/2016 11:35:52 AM Exited state A
INFO: 11/23/2016 11:35:54 AM Entered state B
INFO: 11/23/2016 11:35:55 AM Exited state B
INFO: 11/23/2016 11:35:55 AM Entered state C
INFO: 11/23/2016 11:35:55 AM Exited state C
INFO: 11/23/2016 11:35:57 AM Entered state A
INFO: 11/23/2016 11:35:57 AM Exited state A
INFO: 11/23/2016 11:35:59 AM Entered state B
INFO: 11/23/2016 11:35:59 AM Exited state B
INFO: 11/23/2016 11:35:59 AM Entered state C
INFO: 11/23/2016 11:35:59 AM Exited state C
INFO: 11/23/2016 11:36:01 AM Entered state A
INFO: 11/23/2016 11:36:08 AM Exited state A
INFO: 11/23/2016 11:36:10 AM Entered state B
INFO: 11/23/2016 11:36:13 AM Exited state B
INFO: 11/23/2016 11:36:13 AM Entered state C
INFO: 11/23/2016 11:36:13 AM Exited state C
INFO: 11/23/2016 11:36:15 AM Entered state A
INFO: 11/23/2016 11:36:15 AM Exited state A
INFO: 11/23/2016 11:36:17 AM Entered state B
INFO: 11/23/2016 11:36:17 AM Exited state B
INFO: 11/23/2016 11:36:17 AM Entered state C
INFO: 11/23/2016 11:36:17 AM Exited state C
INFO: 11/23/2016 11:37:13 AM Exited state INIT
INFO: 11/23/2016 11:37:15 AM Entered state A
INFO: 11/23/2016 11:37:15 AM Exited state A
INFO: 11/23/2016 11:37:17 AM Entered state B
INFO: 11/23/2016 11:37:17 AM Exited state B
INFO: 11/23/2016 11:37:17 AM Entered state C
INFO: 11/23/2016 11:37:17 AM Exited state C
INFO: 11/23/2016 11:37:19 AM Entered state A
INFO: 11/23/2016 11:37:19 AM Exited state A
INFO: 11/23/2016 11:37:21 AM Entered state B
INFO: 11/23/2016 11:37:21 AM Exited state B
INFO: 11/23/2016 11:37:21 AM Entered state C
INFO: 11/23/2016 11:37:21 AM Exited state C
INFO: 11/23/2016 11:37:23 AM Entered state A
INFO: 11/23/2016 11:37:23 AM Exited state A
INFO: 11/23/2016 11:37:49 AM Exited state INIT
INFO: 11/23/2016 11:37:51 AM Entered state A
INFO: 11/23/2016 11:37:56 AM Exited state A
INFO: 11/23/2016 11:37:58 AM Entered state B
INFO: 11/23/2016 11:38:04 AM Exited state B
INFO: 11/23/2016 11:38:06 AM Entered state C
INFO: 11/23/2016 11:38:06 AM Exited state C
INFO: 11/23/2016 11:38:08 AM Entered state A
INFO: 11/23/2016 11:38:11 AM Exited state A
INFO: 11/23/2016 11:38:13 AM Entered state B
INFO: 11/23/2016 11:38:13 AM Exited state B
INFO: 11/23/2016 11:38:15 AM Entered state C
INFO: 11/23/2016 11:38:15 AM Exited state C
INFO: 11/23/2016 11:38:17 AM Entered state A
INFO: 11/23/2016 11:38:17 AM Exited state A
INFO: 11/23/2016 11:38:19 AM Entered state B
INFO: 11/23/2016 11:38:19 AM Exited state B
INFO: 11/23/2016 11:38:21 AM Entered state C
INFO: 11/23/2016 11:38:21 AM Exited state C
INFO: 11/23/2016 11:38:23 AM Entered state A
INFO: 11/23/2016 11:38:23 AM Exited state A
INFO: 11/23/2016 12:17:27 PM Exited state INIT
INFO: 11/23/2016 12:17:29 PM Entered state A
INFO: 11/23/2016 12:17:41 PM Exited state A
INFO: 11/23/2016 12:17:43 PM Entered state B
INFO: 11/23/2016 12:17:47 PM Exited state B
INFO: 11/23/2016 12:17:49 PM Entered state C
INFO: 11/23/2016 12:17:49 PM Exited state C
INFO: 11/23/2016 12:17:51 PM Entered state A
INFO: 11/23/2016 12:17:51 PM Exited state A
INFO: 11/23/2016 12:17:53 PM Entered state B
INFO: 11/23/2016 12:17:53 PM Exited state B
INFO: 11/23/2016 12:17:55 PM Entered state C
INFO: 11/23/2016 12:17:55 PM Exited state C
INFO: 11/23/2016 12:17:57 PM Entered state A
INFO: 11/23/2016 12:17:57 PM Exited state A
INFO: 11/23/2016 12:17:59 PM Entered state B
INFO: 11/23/2016 12:17:59 PM Exited state B
INFO: 11/23/2016 12:18:01 PM Entered state C
INFO: 11/23/2016 12:18:01 PM Exited state C
INFO: 11/23/2016 12:18:03 PM Entered state A
INFO: 11/23/2016 12:20:10 PM Exited state INIT
INFO: 11/23/2016 12:20:12 PM Entered state A
INFO: 11/23/2016 12:20:39 PM Exited state INIT
INFO: 11/23/2016 12:20:41 PM Entered state A
INFO: 11/23/2016 12:20:50 PM Exited state INIT
INFO: 11/23/2016 12:20:52 PM Entered state A
INFO: 11/23/2016 12:21:05 PM Exited state INIT
INFO: 11/23/2016 12:21:32 PM Exited state INIT
INFO: 11/23/2016 12:21:34 PM Entered state A
INFO: 11/23/2016 12:21:35 PM Exited state A
INFO: 11/23/2016 12:21:37 PM Entered state B
INFO: 11/23/2016 12:21:38 PM Exited state B
INFO: 11/23/2016 12:21:40 PM Entered state C
INFO: 11/23/2016 12:21:40 PM Exited state C
INFO: 11/23/2016 12:21:42 PM Entered state A
INFO: 11/23/2016 12:41:39 PM Exited state INIT
INFO: 11/23/2016 12:41:41 PM Entered state A
INFO: 11/23/2016 12:41:44 PM Exited state A
INFO: 11/23/2016 12:41:46 PM Entered state B
INFO: 11/23/2016 12:42:09 PM Exited state INIT
INFO: 11/23/2016 12:42:11 PM Entered state A
INFO: 11/23/2016 12:42:53 PM Exited state INIT
INFO: 11/23/2016 12:42:55 PM Entered state A
INFO: 11/23/2016 12:42:55 PM Exited state A
INFO: 11/23/2016 12:42:57 PM Entered state B
INFO: 11/23/2016 12:42:57 PM Exited state B
INFO: 11/23/2016 12:42:59 PM Entered state C
INFO: 11/23/2016 12:42:59 PM Exited state C
INFO: 11/23/2016 12:43:01 PM Entered state A
INFO: 11/23/2016 12:43:01 PM Exited state A
INFO: 11/23/2016 12:43:03 PM Entered state B
INFO: 11/23/2016 12:43:18 PM Exited state B
INFO: 11/23/2016 12:49:42 PM Exited state INIT
INFO: 11/23/2016 12:49:42 PM Entered state INIT
INFO: 11/23/2016 12:49:45 PM Exited state INIT
INFO: 11/23/2016 12:49:45 PM Entered state INIT
INFO: 11/23/2016 12:49:48 PM Exited state INIT
INFO: 11/23/2016 12:49:50 PM Entered state A
INFO: 11/23/2016 12:49:57 PM Exited state A
INFO: 11/23/2016 12:49:59 PM Entered state B
INFO: 11/23/2016 12:50:06 PM Exited state B
INFO: 11/23/2016 12:50:08 PM Entered state C
INFO: 11/23/2016 12:50:08 PM Exited state C
INFO: 11/23/2016 12:50:10 PM Entered state A
INFO: 11/23/2016 12:50:10 PM Exited state A
INFO: 11/23/2016 12:50:12 PM Entered state B
INFO: 11/23/2016 12:50:12 PM Exited state B
INFO: 11/23/2016 12:50:14 PM Entered state C
INFO: 11/23/2016 12:50:14 PM Exited state C
INFO: 11/23/2016 12:50:16 PM Entered state A
INFO: 11/23/2016 12:50:22 PM Exited state A
INFO: 11/23/2016 12:50:24 PM Entered state B
INFO: 11/23/2016 12:50:28 PM Exited state B
INFO: 11/23/2016 12:50:28 PM Entered state INIT
INFO: 11/23/2016 12:50:31 PM Exited state INIT
INFO: 11/23/2016 12:50:31 PM Entered state INIT
INFO: 11/23/2016 12:50:34 PM Exited state INIT
INFO: 11/23/2016 12:50:34 PM Entered state INIT
INFO: 11/23/2016 12:50:37 PM Exited state INIT
INFO: 11/23/2016 12:50:37 PM Entered state INIT
INFO: 11/23/2016 12:50:40 PM Exited state INIT
INFO: 11/23/2016 12:50:42 PM Entered state A
INFO: 11/23/2016 12:50:42 PM Exited state A
INFO: 11/23/2016 12:50:44 PM Entered state B
INFO: 11/23/2016 12:52:05 PM Exited state INIT
INFO: 11/23/2016 12:52:05 PM Entered state INIT
INFO: 11/23/2016 12:52:08 PM Exited state INIT
INFO: 11/23/2016 12:52:08 PM Entered state INIT
INFO: 11/23/2016 12:52:11 PM Exited state INIT
INFO: 11/23/2016 12:52:11 PM Entered state INIT
INFO: 11/23/2016 12:52:14 PM Exited state INIT
INFO: 11/23/2016 12:52:16 PM Entered state A
INFO: 11/23/2016 12:52:26 PM Exited state A
INFO: 11/23/2016 12:52:28 PM Entered state B
INFO: 11/23/2016 12:52:28 PM Exited state B
INFO: 11/23/2016 12:52:30 PM Entered state C
INFO: 11/23/2016 12:52:30 PM Exited state C
INFO: 11/23/2016 12:52:32 PM Entered state A
INFO: 11/23/2016 12:52:32 PM Exited state A
INFO: 11/23/2016 12:52:34 PM Entered state B
INFO: 11/23/2016 12:52:54 PM Exited state B
INFO: 11/23/2016 12:52:54 PM Entered state INIT
INFO: 11/23/2016 12:52:57 PM Exited state INIT
INFO: 11/23/2016 12:52:57 PM Entered state INIT
INFO: 11/23/2016 12:53:00 PM Exited state INIT
INFO: 11/23/2016 12:53:00 PM Entered state INIT
INFO: 11/23/2016 12:53:03 PM Exited state INIT
INFO: 11/23/2016 12:53:03 PM Entered state INIT
INFO: 11/23/2016 12:53:06 PM Exited state INIT
INFO: 11/23/2016 12:53:06 PM Entered state INIT
INFO: 11/23/2016 12:53:09 PM Exited state INIT
INFO: 11/23/2016 12:53:11 PM Entered state A
INFO: 11/23/2016 12:53:11 PM Exited state A
INFO: 11/23/2016 12:53:13 PM Entered state B
INFO: 11/23/2016 12:53:13 PM Exited state B
INFO: 11/23/2016 12:53:15 PM Entered state C
INFO: 11/23/2016 12:53:15 PM Exited state C
INFO: 11/23/2016 12:53:17 PM Entered state A
INFO: 11/23/2016 12:53:17 PM Exited state A
INFO: 11/23/2016 12:53:19 PM Entered state B
INFO: 11/23/2016 12:53:19 PM Exited state B
INFO: 11/23/2016 12:53:21 PM Entered state C
INFO: 11/23/2016 12:53:21 PM Exited state C
INFO: 11/23/2016 12:53:23 PM Entered state A
INFO: 11/23/2016 12:53:23 PM Exited state A
INFO: 11/23/2016 12:53:25 PM Entered state B
INFO: 11/23/2016 12:53:25 PM Exited state B
INFO: 11/23/2016 12:53:25 PM Entered state INIT
INFO: 11/23/2016 12:53:28 PM Exited state INIT
INFO: 11/23/2016 12:53:28 PM Entered state INIT
INFO: 11/23/2016 12:53:31 PM Exited state INIT
INFO: 11/23/2016 12:53:33 PM Entered state A
INFO: 11/23/2016 12:53:33 PM Exited state A
INFO: 11/23/2016 12:53:33 PM Entered state INIT
INFO: 11/23/2016 12:53:36 PM Exited state INIT
INFO: 11/23/2016 12:53:36 PM Entered state INIT
INFO: 11/23/2016 12:53:39 PM Exited state INIT
INFO: 11/23/2016 12:53:39 PM Entered state INIT
INFO: 11/23/2016 12:53:42 PM Exited state INIT
INFO: 11/23/2016 12:53:42 PM Entered state INIT
INFO: 11/23/2016 12:53:43 PM Exited state INIT
INFO: 11/23/2016 12:53:43 PM Entered state INIT
INFO: 11/23/2016 12:53:45 PM Exited state INIT
INFO: 11/23/2016 12:53:45 PM Entered state INIT
INFO: 11/23/2016 12:53:46 PM Exited state INIT
INFO: 11/23/2016 12:53:46 PM Entered state INIT
INFO: 11/23/2016 12:53:48 PM Exited state INIT
INFO: 11/23/2016 12:53:49 PM Exited state A
